<?xml version="1.0" encoding="UTF-8" ?>
<testsuite failures="0" time="0.031" errors="0" skipped="0" tests="1" name="com.ad.workflow.AppTest">
  <properties>
    <property name="java.runtime.name" value="Java(TM) SE Runtime Environment"/>
    <property name="sun.boot.library.path" value="f:\ProgramFiles\Java\jdk1.6.0_10\jre\bin"/>
    <property name="java.vm.version" value="11.0-b15"/>
    <property name="java.vm.vendor" value="Sun Microsystems Inc."/>
    <property name="java.vendor.url" value="http://java.sun.com/"/>
    <property name="path.separator" value=";"/>
    <property name="java.vm.name" value="Java HotSpot(TM) Client VM"/>
    <property name="file.encoding.pkg" value="sun.io"/>
    <property name="user.country" value="CN"/>
    <property name="sun.java.launcher" value="SUN_STANDARD"/>
    <property name="sun.os.patch.level" value="Service Pack 1"/>
    <property name="java.vm.specification.name" value="Java Virtual Machine Specification"/>
    <property name="user.dir" value="D:\App\AD\workflow"/>
    <property name="java.runtime.version" value="1.6.0_10-rc2-b32"/>
    <property name="java.awt.graphicsenv" value="sun.awt.Win32GraphicsEnvironment"/>
    <property name="basedir" value="D:\App\AD\workflow"/>
    <property name="java.endorsed.dirs" value="f:\ProgramFiles\Java\jdk1.6.0_10\jre\lib\endorsed"/>
    <property name="os.arch" value="x86"/>
    <property name="surefire.real.class.path" value="D:\App\AD\workflow\target\surefire\surefirebooter22052.jar"/>
    <property name="java.io.tmpdir" value="C:\Users\ADMINI~1\AppData\Local\Temp\"/>
    <property name="line.separator" value="
"/>
    <property name="java.vm.specification.vendor" value="Sun Microsystems Inc."/>
    <property name="user.variant" value=""/>
    <property name="os.name" value="Windows Vista"/>
    <property name="sun.jnu.encoding" value="GBK"/>
    <property name="java.library.path" value="f:\ProgramFiles\Java\jdk1.6.0_10\jre\bin;.;C:\Windows\Sun\Java\bin;C:\Windows\system32;C:\Windows;F:\ProgramFiles\cygwin\bin;F:\ProgramFiles\MinGW\bin;C:\Program Files\NVIDIA Corporation\PhysX\Common;F:\oracle\product\10.2.0\db_1\bin;f:\ProgramFiles\Java\jdk1.6.0_10\\bin;C:\Windows\system32;C:\Windows;C:\Windows\System32\Wbem;C:\Windows\System32\WindowsPowerShell\v1.0\;F:\ProgramFiles\Subversion\bin;F:\ProgramFiles\ApacheSoftwareFoundation\apache-maven-3.0.3\bin;F:\ProgramFiles\TortoiseSVN\bin;C:\Program Files\Windows7Master;C:\Program Files\Microsoft SQL Server\100\Tools\Binn\;C:\Program Files\Microsoft SQL Server\100\DTS\Binn\;f:\ProgramFiles\Tencent\QQPCMgr\6.8.2383.401;E:\Installs\android-sdk-windows\tools;C:\Program Files\IDM Computer Solutions\UltraCompare\;f:\ProgramFiles\Tencent\QQPCMgr\6.8.2383.401"/>
    <property name="surefire.test.class.path" value="D:\App\AD\workflow\target\test-classes;D:\App\AD\workflow\target\classes;F:\mvn_repo\repo\junit\junit\4.10\junit-4.10.jar;F:\mvn_repo\repo\org\hamcrest\hamcrest-core\1.1\hamcrest-core-1.1.jar;F:\mvn_repo\repo\com\ad\mq\0.0.7\mq-0.0.7.jar;F:\mvn_repo\repo\com\ad\workflow\0.0.1-SNAPSHOT\workflow-0.0.1-SNAPSHOT.jar;F:\mvn_repo\repo\commons-dbutils\commons-dbutils\1.4\commons-dbutils-1.4.jar;F:\mvn_repo\repo\log4j\log4j\1.2.15\log4j-1.2.15.jar;F:\mvn_repo\repo\javax\mail\mail\1.4\mail-1.4.jar;F:\mvn_repo\repo\javax\activation\activation\1.1\activation-1.1.jar;F:\mvn_repo\repo\net\sf\json-lib\json-lib\2.4\json-lib-2.4-jdk15.jar;F:\mvn_repo\repo\commons-beanutils\commons-beanutils\1.8.0\commons-beanutils-1.8.0.jar;F:\mvn_repo\repo\commons-collections\commons-collections\3.2.1\commons-collections-3.2.1.jar;F:\mvn_repo\repo\commons-lang\commons-lang\2.5\commons-lang-2.5.jar;F:\mvn_repo\repo\commons-logging\commons-logging\1.1.1\commons-logging-1.1.1.jar;F:\mvn_repo\repo\net\sf\ezmorph\ezmorph\1.0.6\ezmorph-1.0.6.jar;F:\mvn_repo\repo\xom\xom\1.2.5\xom-1.2.5.jar;F:\mvn_repo\repo\xml-apis\xml-apis\1.3.03\xml-apis-1.3.03.jar;F:\mvn_repo\repo\xerces\xercesImpl\2.8.0\xercesImpl-2.8.0.jar;F:\mvn_repo\repo\xalan\xalan\2.7.0\xalan-2.7.0.jar;F:\mvn_repo\repo\org\apache\geronimo\specs\geronimo-jms_1.1_spec\1.1.1\geronimo-jms_1.1_spec-1.1.1.jar;F:\mvn_repo\repo\com\ad\commons\0.0.3\commons-0.0.3.jar;F:\mvn_repo\repo\org\eclipse\persistence\javax.persistence\2.0.0\javax.persistence-2.0.0.jar;F:\mvn_repo\repo\com\oracle\ojdbc\6\ojdbc-6.jar;"/>
    <property name="java.specification.name" value="Java Platform API Specification"/>
    <property name="java.class.version" value="50.0"/>
    <property name="sun.management.compiler" value="HotSpot Client Compiler"/>
    <property name="os.version" value="6.1"/>
    <property name="user.home" value="C:\Users\Administrator"/>
    <property name="user.timezone" value=""/>
    <property name="java.awt.printerjob" value="sun.awt.windows.WPrinterJob"/>
    <property name="java.specification.version" value="1.6"/>
    <property name="file.encoding" value="GBK"/>
    <property name="user.name" value="Administrator"/>
    <property name="java.class.path" value="D:\App\AD\workflow\target\test-classes;D:\App\AD\workflow\target\classes;F:\mvn_repo\repo\junit\junit\4.10\junit-4.10.jar;F:\mvn_repo\repo\org\hamcrest\hamcrest-core\1.1\hamcrest-core-1.1.jar;F:\mvn_repo\repo\com\ad\mq\0.0.7\mq-0.0.7.jar;F:\mvn_repo\repo\com\ad\workflow\0.0.1-SNAPSHOT\workflow-0.0.1-SNAPSHOT.jar;F:\mvn_repo\repo\commons-dbutils\commons-dbutils\1.4\commons-dbutils-1.4.jar;F:\mvn_repo\repo\log4j\log4j\1.2.15\log4j-1.2.15.jar;F:\mvn_repo\repo\javax\mail\mail\1.4\mail-1.4.jar;F:\mvn_repo\repo\javax\activation\activation\1.1\activation-1.1.jar;F:\mvn_repo\repo\net\sf\json-lib\json-lib\2.4\json-lib-2.4-jdk15.jar;F:\mvn_repo\repo\commons-beanutils\commons-beanutils\1.8.0\commons-beanutils-1.8.0.jar;F:\mvn_repo\repo\commons-collections\commons-collections\3.2.1\commons-collections-3.2.1.jar;F:\mvn_repo\repo\commons-lang\commons-lang\2.5\commons-lang-2.5.jar;F:\mvn_repo\repo\commons-logging\commons-logging\1.1.1\commons-logging-1.1.1.jar;F:\mvn_repo\repo\net\sf\ezmorph\ezmorph\1.0.6\ezmorph-1.0.6.jar;F:\mvn_repo\repo\xom\xom\1.2.5\xom-1.2.5.jar;F:\mvn_repo\repo\xml-apis\xml-apis\1.3.03\xml-apis-1.3.03.jar;F:\mvn_repo\repo\xerces\xercesImpl\2.8.0\xercesImpl-2.8.0.jar;F:\mvn_repo\repo\xalan\xalan\2.7.0\xalan-2.7.0.jar;F:\mvn_repo\repo\org\apache\geronimo\specs\geronimo-jms_1.1_spec\1.1.1\geronimo-jms_1.1_spec-1.1.1.jar;F:\mvn_repo\repo\com\ad\commons\0.0.3\commons-0.0.3.jar;F:\mvn_repo\repo\org\eclipse\persistence\javax.persistence\2.0.0\javax.persistence-2.0.0.jar;F:\mvn_repo\repo\com\oracle\ojdbc\6\ojdbc-6.jar;"/>
    <property name="java.vm.specification.version" value="1.0"/>
    <property name="sun.arch.data.model" value="32"/>
    <property name="java.home" value="f:\ProgramFiles\Java\jdk1.6.0_10\jre"/>
    <property name="java.specification.vendor" value="Sun Microsystems Inc."/>
    <property name="user.language" value="zh"/>
    <property name="awt.toolkit" value="sun.awt.windows.WToolkit"/>
    <property name="java.vm.info" value="mixed mode, sharing"/>
    <property name="java.version" value="1.6.0_10-rc2"/>
    <property name="java.ext.dirs" value="f:\ProgramFiles\Java\jdk1.6.0_10\jre\lib\ext;C:\Windows\Sun\Java\lib\ext"/>
    <property name="sun.boot.class.path" value="f:\ProgramFiles\Java\jdk1.6.0_10\jre\lib\resources.jar;f:\ProgramFiles\Java\jdk1.6.0_10\jre\lib\rt.jar;f:\ProgramFiles\Java\jdk1.6.0_10\jre\lib\sunrsasign.jar;f:\ProgramFiles\Java\jdk1.6.0_10\jre\lib\jsse.jar;f:\ProgramFiles\Java\jdk1.6.0_10\jre\lib\jce.jar;f:\ProgramFiles\Java\jdk1.6.0_10\jre\lib\charsets.jar;f:\ProgramFiles\Java\jdk1.6.0_10\jre\classes"/>
    <property name="java.vendor" value="Sun Microsystems Inc."/>
    <property name="localRepository" value="F:\mvn_repo\repo"/>
    <property name="file.separator" value="\"/>
    <property name="java.vendor.url.bug" value="http://java.sun.com/cgi-bin/bugreport.cgi"/>
    <property name="sun.cpu.endian" value="little"/>
    <property name="sun.io.unicode.encoding" value="UnicodeLittle"/>
    <property name="sun.desktop" value="windows"/>
    <property name="sun.cpu.isalist" value=""/>
  </properties>
  <testcase time="0.001" classname="com.ad.workflow.AppTest" name="testApp"/>
</testsuite>